app/build/outputs/logs/manifest-merger-debug-report.txt
-- Merging decision tree log ---
manifest
ADDED from src/main/AndroidManifest.xml:2:1-887:12
INJECTED from src/main/AndroidManifest.xml:2:1-887:12
INJECTED from src/main/AndroidManifest.xml:2:1-887:12
INJECTED from src/main/AndroidManifest.xml:2:1-887:12
MERGED from [:linclibrary] AndroidManifest.xml:2:1-20:12
MERGED from [:jnisdk] AndroidManifest.xml:2:1-26:12
MERGED from [:keyboard] AndroidManifest.xml:2:1-28:12
MERGED from [:musicIndicator] AndroidManifest.xml:2:1-17:12
MERGED from [:paper-onboarding] AndroidManifest.xml:2:1-17:12
MERGED from [:imageeditor] AndroidManifest.xml:2:1-17:12
MERGED from [:popmenu] AndroidManifest.xml:2:1-17:12
MERGED from [:downloadfile] AndroidManifest.xml:2:1-36:12
MERGED from [:iosdialog] AndroidManifest.xml:2:1-17:12
MERGED from [:timeselector] AndroidManifest.xml:2:1-17:12
MERGED from [:indexbarlayout] AndroidManifest.xml:2:1-25:12
MERGED from [:MarqueeView] AndroidManifest.xml:2:1-28:12
MERGED from [:functionGuide] AndroidManifest.xml:2:1-24:12
MERGED from [:golddrop] AndroidManifest.xml:2:1-24:12
MERGED from [:rulerlib] AndroidManifest.xml:2:1-24:12
MERGED from [:network] AndroidManifest.xml:2:1-26:12
MERGED from [:tabswitch] AndroidManifest.xml:2:1-27:12
MERGED from [:CommonUtil] AndroidManifest.xml:2:1-23:12
MERGED from [:rxjava] AndroidManifest.xml:2:1-24:12
MERGED from [com.android.support:design:25.3.1] AndroidManifest.xml:17:1-31:12
MERGED from [com.android.support:appcompat-v7:25.3.1] AndroidManifest.xml:17:1-31:12
MERGED from [me.imid.swipebacklayout.lib:library:1.0.0] AndroidManifest.xml:2:1-13:12
MERGED from [com.yalantis:phoenix:1.2.3] AndroidManifest.xml:2:1-12:12
MERGED from [com.android.support:transition:25.3.1] AndroidManifest.xml:17:1-28:12
MERGED from [com.google.android.gms:play-services-appindexing:9.8.0] AndroidManifest.xml:16:1-19:12
MERGED from [com.google.android.gms:play-services-base:9.8.0] AndroidManifest.xml:16:1-21:12
MERGED from [com.google.firebase:firebase-common:9.8.0] AndroidManifest.xml:2:1-8:12
MERGED from [com.google.android.gms:play-services-tasks:9.8.0] AndroidManifest.xml:2:1-5:12
MERGED from [com.google.android.gms:play-services-basement:9.8.0] AndroidManifest.xml:16:1-23:12
MERGED from [com.android.support:support-v4:25.3.1] AndroidManifest.xml:17:1-31:12
MERGED from [com.android.support:recyclerview-v7:25.3.1] AndroidManifest.xml:17:1-26:12
MERGED from [com.android.support:animated-vector-drawable:25.3.1] AndroidManifest.xml:17:1-28:12
MERGED from [com.android.support:support-vector-drawable:25.3.1] AndroidManifest.xml:17:1-28:12
MERGED from [com.android.support:gridlayout-v7:25.3.1] AndroidManifest.xml:17:1-28:12
MERGED from [com.android.support:support-fragment:25.3.1] AndroidManifest.xml:17:1-31:12
MERGED from [com.android.support:support-core-ui:25.3.1] AndroidManifest.xml:17:1-31:12
MERGED from [com.android.support:support-media-compat:25.3.1] AndroidManifest.xml:17:1-31:12
MERGED from [com.android.support:support-core-utils:25.3.1] AndroidManifest.xml:17:1-31:12
MERGED from [com.android.support:support-compat:25.3.1] AndroidManifest.xml:17:1-31:12
MERGED from [com.github.zhaokaiqiang.klog:library:1.6.0] AndroidManifest.xml:2:1-13:12
MERGED from [:openDefault-1.0.0-openDefaultRelease:] AndroidManifest.xml:2:1-20:12
MERGED from [:liblinphone-sdk:] AndroidManifest.xml:2:1-12:12
MERGED from [com.android.support:multidex:1.0.2] AndroidManifest.xml:17:1-22:12
MERGED from [com.android.support.constraint:constraint-layout:1.0.2] AndroidManifest.xml:2:1-11:12
MERGED from [:banner] AndroidManifest.xml:2:1-11:12
MERGED from [com.facebook.fresco:fresco:1.3.0] AndroidManifest.xml:2:1-9:12
MERGED from [io.reactivex.rxjava2:rxandroid:2.0.1] AndroidManifest.xml:15:1-21:12
MERGED from [com.facebook.fresco:drawee:1.3.0] AndroidManifest.xml:2:1-9:12
MERGED from [com.facebook.fresco:imagepipeline:1.3.0] AndroidManifest.xml:2:1-9:12
MERGED from [com.facebook.fresco:imagepipeline-base:1.3.0] AndroidManifest.xml:2:1-9:12
MERGED from [com.facebook.fresco:fbcore:1.3.0] AndroidManifest.xml:2:1-9:12
INJECTED from src/main/AndroidManifest.xml:2:1-887:12
INJECTED from src/main/AndroidManifest.xml:2:1-887:12
INJECTED from src/main/AndroidManifest.xml:2:1-887:12
	package
		ADDED from src/main/AndroidManifest.xml:4:5-38
		INJECTED from src/main/AndroidManifest.xml
		INJECTED from src/main/AndroidManifest.xml
	android:versionName
		ADDED from src/main/AndroidManifest.xml:7:5-30
		INJECTED from src/main/AndroidManifest.xml
		INJECTED from src/main/AndroidManifest.xml
	xmlns:tools
		ADDED from src/main/AndroidManifest.xml:3:5-51
	xmlns:android
		ADDED from src/main/AndroidManifest.xml:2:11-69
	android:versionCode
		ADDED from src/main/AndroidManifest.xml:6:5-28
		INJECTED from src/main/AndroidManifest.xml
		INJECTED from src/main/AndroidManifest.xml
	android:installLocation
		ADDED from src/main/AndroidManifest.xml:5:5-35
uses-sdk
ADDED from src/main/AndroidManifest.xml:9:5-11:41
INJECTED from src/main/AndroidManifest.xml:9:5-11:41
INJECTED from src/main/AndroidManifest.xml:9:5-11:41
MERGED from [:linclibrary] AndroidManifest.xml:7:5-9:41
MERGED from [:linclibrary] AndroidManifest.xml:7:5-9:41
MERGED from [:jnisdk] AndroidManifest.xml:7:5-9:41
MERGED from [:jnisdk] AndroidManifest.xml:7:5-9:41
MERGED from [:keyboard] AndroidManifest.xml:7:5-9:41
MERGED from [:keyboard] AndroidManifest.xml:7:5-9:41
MERGED from [:musicIndicator] AndroidManifest.xml:7:5-9:41
MERGED from [:musicIndicator] AndroidManifest.xml:7:5-9:41
MERGED from [:paper-onboarding] AndroidManifest.xml:7:5-9:41
MERGED from [:paper-onboarding] AndroidManifest.xml:7:5-9:41
MERGED from [:imageeditor] AndroidManifest.xml:7:5-9:41
MERGED from [:imageeditor] AndroidManifest.xml:7:5-9:41
MERGED from [:popmenu] AndroidManifest.xml:7:5-9:41
MERGED from [:popmenu] AndroidManifest.xml:7:5-9:41
MERGED from [:downloadfile] AndroidManifest.xml:7:5-9:41
MERGED from [:downloadfile] AndroidManifest.xml:7:5-9:41
MERGED from [:iosdialog] AndroidManifest.xml:7:5-9:41
MERGED from [:iosdialog] AndroidManifest.xml:7:5-9:41
MERGED from [:timeselector] AndroidManifest.xml:7:5-9:41
MERGED from [:timeselector] AndroidManifest.xml:7:5-9:41
MERGED from [:indexbarlayout] AndroidManifest.xml:7:5-9:41
MERGED from [:indexbarlayout] AndroidManifest.xml:7:5-9:41
MERGED from [:MarqueeView] AndroidManifest.xml:7:5-9:41
MERGED from [:MarqueeView] AndroidManifest.xml:7:5-9:41
MERGED from [:functionGuide] AndroidManifest.xml:7:5-9:41
MERGED from [:functionGuide] AndroidManifest.xml:7:5-9:41
MERGED from [:golddrop] AndroidManifest.xml:7:5-9:41
MERGED from [:golddrop] AndroidManifest.xml:7:5-9:41
MERGED from [:rulerlib] AndroidManifest.xml:7:5-9:41
MERGED from [:rulerlib] AndroidManifest.xml:7:5-9:41
MERGED from [:network] AndroidManifest.xml:7:5-9:41
MERGED from [:network] AndroidManifest.xml:7:5-9:41
MERGED from [:tabswitch] AndroidManifest.xml:6:5-8:41
MERGED from [:tabswitch] AndroidManifest.xml:6:5-8:41
MERGED from [:CommonUtil] AndroidManifest.xml:7:5-9:41
MERGED from [:CommonUtil] AndroidManifest.xml:7:5-9:41
MERGED from [:rxjava] AndroidManifest.xml:7:5-9:41
MERGED from [:rxjava] AndroidManifest.xml:7:5-9:41
MERGED from [com.android.support:design:25.3.1] AndroidManifest.xml:21:5-23:62
MERGED from [com.android.support:design:25.3.1] AndroidManifest.xml:21:5-23:62
MERGED from [com.android.support:appcompat-v7:25.3.1] AndroidManifest.xml:21:5-23:78
MERGED from [com.android.support:appcompat-v7:25.3.1] AndroidManifest.xml:21:5-23:78
MERGED from [me.imid.swipebacklayout.lib:library:1.0.0] AndroidManifest.xml:7:5-9:41
MERGED from [me.imid.swipebacklayout.lib:library:1.0.0] AndroidManifest.xml:7:5-9:41
MERGED from [com.yalantis:phoenix:1.2.3] AndroidManifest.xml:8:5-10:41
MERGED from [com.yalantis:phoenix:1.2.3] AndroidManifest.xml:8:5-10:41
MERGED from [com.android.support:transition:25.3.1] AndroidManifest.xml:20:5-44
MERGED from [com.android.support:transition:25.3.1] AndroidManifest.xml:20:5-44
MERGED from [com.google.android.gms:play-services-appindexing:9.8.0] AndroidManifest.xml:17:5-42
MERGED from [com.google.android.gms:play-services-appindexing:9.8.0] AndroidManifest.xml:17:5-42
MERGED from [com.google.android.gms:play-services-base:9.8.0] AndroidManifest.xml:17:5-42
MERGED from [com.google.android.gms:play-services-base:9.8.0] AndroidManifest.xml:17:5-42
MERGED from [com.google.firebase:firebase-common:9.8.0] AndroidManifest.xml:3:5-42
MERGED from [com.google.firebase:firebase-common:9.8.0] AndroidManifest.xml:3:5-42
MERGED from [com.google.android.gms:play-services-tasks:9.8.0] AndroidManifest.xml:3:5-42
MERGED from [com.google.android.gms:play-services-tasks:9.8.0] AndroidManifest.xml:3:5-42
MERGED from [com.google.android.gms:play-services-basement:9.8.0] AndroidManifest.xml:17:5-42
MERGED from [com.google.android.gms:play-services-basement:9.8.0] AndroidManifest.xml:17:5-42
MERGED from [com.android.support:support-v4:25.3.1] AndroidManifest.xml:21:5-23:54
MERGED from [com.android.support:support-v4:25.3.1] AndroidManifest.xml:21:5-23:54
MERGED from [com.android.support:recyclerview-v7:25.3.1] AndroidManifest.xml:20:5-43
MERGED from [com.android.support:recyclerview-v7:25.3.1] AndroidManifest.xml:20:5-43
MERGED from [com.android.support:animated-vector-drawable:25.3.1] AndroidManifest.xml:20:5-44
MERGED from [com.android.support:animated-vector-drawable:25.3.1] AndroidManifest.xml:20:5-44
MERGED from [com.android.support:support-vector-drawable:25.3.1] AndroidManifest.xml:20:5-43
MERGED from [com.android.support:support-vector-drawable:25.3.1] AndroidManifest.xml:20:5-43
MERGED from [com.android.support:gridlayout-v7:25.3.1] AndroidManifest.xml:20:5-43
MERGED from [com.android.support:gridlayout-v7:25.3.1] AndroidManifest.xml:20:5-43
MERGED from [com.android.support:support-fragment:25.3.1] AndroidManifest.xml:21:5-23:60
MERGED from [com.android.support:support-fragment:25.3.1] AndroidManifest.xml:21:5-23:60
MERGED from [com.android.support:support-core-ui:25.3.1] AndroidManifest.xml:21:5-23:58
MERGED from [com.android.support:support-core-ui:25.3.1] AndroidManifest.xml:21:5-23:58
MERGED from [com.android.support:support-media-compat:25.3.1] AndroidManifest.xml:21:5-23:63
MERGED from [com.android.support:support-media-compat:25.3.1] AndroidManifest.xml:21:5-23:63
MERGED from [com.android.support:support-core-utils:25.3.1] AndroidManifest.xml:21:5-23:61
MERGED from [com.android.support:support-core-utils:25.3.1] AndroidManifest.xml:21:5-23:61
MERGED from [com.android.support:support-compat:25.3.1] AndroidManifest.xml:21:5-23:58
MERGED from [com.android.support:support-compat:25.3.1] AndroidManifest.xml:21:5-23:58
MERGED from [com.github.zhaokaiqiang.klog:library:1.6.0] AndroidManifest.xml:7:5-9:41
MERGED from [com.github.zhaokaiqiang.klog:library:1.6.0] AndroidManifest.xml:7:5-9:41
MERGED from [:openDefault-1.0.0-openDefaultRelease:] AndroidManifest.xml:7:5-9:41
MERGED from [:openDefault-1.0.0-openDefaultRelease:] AndroidManifest.xml:7:5-9:41
MERGED from [:liblinphone-sdk:] AndroidManifest.xml:8:5-10:41
MERGED from [:liblinphone-sdk:] AndroidManifest.xml:8:5-10:41
MERGED from [com.android.support:multidex:1.0.2] AndroidManifest.xml:20:5-43
MERGED from [com.android.support:multidex:1.0.2] AndroidManifest.xml:20:5-43
MERGED from [com.android.support.constraint:constraint-layout:1.0.2] AndroidManifest.xml:5:5-7:41
MERGED from [com.android.support.constraint:constraint-layout:1.0.2] AndroidManifest.xml:5:5-7:41
MERGED from [:banner] AndroidManifest.xml:7:5-9:41
MERGED from [:banner] AndroidManifest.xml:7:5-9:41
MERGED from [com.facebook.fresco:fresco:1.3.0] AndroidManifest.xml:5:5-7:41
MERGED from [com.facebook.fresco:fresco:1.3.0] AndroidManifest.xml:5:5-7:41
MERGED from [io.reactivex.rxjava2:rxandroid:2.0.1] AndroidManifest.xml:19:5-43
MERGED from [io.reactivex.rxjava2:rxandroid:2.0.1] AndroidManifest.xml:19:5-43
MERGED from [com.facebook.fresco:drawee:1.3.0] AndroidManifest.xml:5:5-7:41
MERGED from [com.facebook.fresco:drawee:1.3.0] AndroidManifest.xml:5:5-7:41
MERGED from [com.facebook.fresco:imagepipeline:1.3.0] AndroidManifest.xml:5:5-7:41
MERGED from [com.facebook.fresco:imagepipeline:1.3.0] AndroidManifest.xml:5:5-7:41
MERGED from [com.facebook.fresco:imagepipeline-base:1.3.0] AndroidManifest.xml:5:5-7:41
MERGED from [com.facebook.fresco:imagepipeline-base:1.3.0] AndroidManifest.xml:5:5-7:41
MERGED from [com.facebook.fresco:fbcore:1.3.0] AndroidManifest.xml:5:5-7:41
MERGED from [com.facebook.fresco:fbcore:1.3.0] AndroidManifest.xml:5:5-7:41
INJECTED from src/main/AndroidManifest.xml:9:5-11:41
INJECTED from src/main/AndroidManifest.xml:9:5-11:41
	tools:overrideLibrary
		ADDED from [com.android.support:design:25.3.1] AndroidManifest.xml:23:9-59
	android:targetSdkVersion
		ADDED from src/main/AndroidManifest.xml:11:9-38
		INJECTED from src/main/AndroidManifest.xml
		INJECTED from src/main/AndroidManifest.xml
	android:minSdkVersion
		ADDED from src/main/AndroidManifest.xml:10:9-35
		INJECTED from src/main/AndroidManifest.xml
		INJECTED from src/main/AndroidManifest.xml
permission#com.example.ishelloword.permission.JPUSH_MESSAGE
ADDED from src/main/AndroidManifest.xml:14:5-16:47
	android:protectionLevel
		ADDED from src/main/AndroidManifest.xml:16:9-44
	android:name
		ADDED from src/main/AndroidManifest.xml:15:9-72
permission#com.ISHello.RemoteCalls.AIDL.ACCESS_BOOK_SERVICE
ADDED from src/main/AndroidManifest.xml:17:5-19:44
	android:protectionLevel
		ADDED from src/main/AndroidManifest.xml:19:9-41
	android:name
		ADDED from src/main/AndroidManifest.xml:18:9-72
uses-permission#com.ISHello.RemoteCalls.AIDL.ACCESS_BOOK_SERVICE
ADDED from src/main/AndroidManifest.xml:21:5-88
	android:name
		ADDED from src/main/AndroidManifest.xml:21:22-85
uses-permission#android.permission.RECORD_AUDIO
ADDED from src/main/AndroidManifest.xml:22:5-71
	android:name
		ADDED from src/main/AndroidManifest.xml:22:22-68
uses-permission#android.permission.MOUNT_UNMOUNT_FILESYSTEMS
ADDED from src/main/AndroidManifest.xml:23:5-84
MERGED from [:downloadfile] AndroidManifest.xml:12:5-84
MERGED from [:downloadfile] AndroidManifest.xml:12:5-84
	android:name
		ADDED from src/main/AndroidManifest.xml:23:22-81
uses-permission#android.permission.WRITE_EXTERNAL_STORAGE
ADDED from src/main/AndroidManifest.xml:24:5-81
MERGED from [:downloadfile] AndroidManifest.xml:15:5-81
MERGED from [:downloadfile] AndroidManifest.xml:15:5-81
MERGED from [:CommonUtil] AndroidManifest.xml:11:5-81
MERGED from [:CommonUtil] AndroidManifest.xml:11:5-81
MERGED from [com.github.zhaokaiqiang.klog:library:1.6.0] AndroidManifest.xml:11:5-81
MERGED from [com.github.zhaokaiqiang.klog:library:1.6.0] AndroidManifest.xml:11:5-81
	android:name
		ADDED from src/main/AndroidManifest.xml:24:22-78
uses-permission#android.permission.CHANGE_NETWORK_STATE
ADDED from src/main/AndroidManifest.xml:26:5-79
	android:name
		ADDED from src/main/AndroidManifest.xml:26:22-76
uses-permission#android.permission.CHANGE_WIFI_STATE
ADDED from src/main/AndroidManifest.xml:27:5-76
MERGED from [:CommonUtil] AndroidManifest.xml:13:5-76
MERGED from [:CommonUtil] AndroidManifest.xml:13:5-76
	android:name
		ADDED from src/main/AndroidManifest.xml:27:22-73
uses-permission#android.permission.ACCESS_NETWORK_STATE
ADDED from src/main/AndroidManifest.xml:28:5-79
MERGED from [:downloadfile] AndroidManifest.xml:21:5-79
MERGED from [:downloadfile] AndroidManifest.xml:21:5-79
MERGED from [:MarqueeView] AndroidManifest.xml:11:5-79
MERGED from [:MarqueeView] AndroidManifest.xml:11:5-79
MERGED from [:CommonUtil] AndroidManifest.xml:15:5-79
MERGED from [:CommonUtil] AndroidManifest.xml:15:5-79
	android:name
		ADDED from src/main/AndroidManifest.xml:28:22-76
uses-permission#android.permission.ACCESS_WIFI_STATE
ADDED from src/main/AndroidManifest.xml:29:5-76
MERGED from [:linclibrary] AndroidManifest.xml:12:5-76
MERGED from [:linclibrary] AndroidManifest.xml:12:5-76
MERGED from [:MarqueeView] AndroidManifest.xml:12:5-76
MERGED from [:MarqueeView] AndroidManifest.xml:12:5-76
MERGED from [:CommonUtil] AndroidManifest.xml:14:5-76
MERGED from [:CommonUtil] AndroidManifest.xml:14:5-76
	android:name
		ADDED from src/main/AndroidManifest.xml:29:22-73
uses-permission#android.permission.DISABLE_KEYGUARD
ADDED from src/main/AndroidManifest.xml:31:5-75
	android:name
		ADDED from src/main/AndroidManifest.xml:31:22-72
uses-permission#android.permission.READ_CONTACTS
ADDED from src/main/AndroidManifest.xml:32:5-72
	android:name
		ADDED from src/main/AndroidManifest.xml:32:22-69
uses-permission#android.permission.WRITE_CONTACTS
ADDED from src/main/AndroidManifest.xml:33:5-73
	android:name
		ADDED from src/main/AndroidManifest.xml:33:22-70
uses-permission#android.permission.WRITE_SETTINGS
ADDED from src/main/AndroidManifest.xml:34:5-73
	android:name
		ADDED from src/main/AndroidManifest.xml:34:22-70
uses-permission#android.permission.SYSTEM_ALERT_WINDOW
ADDED from src/main/AndroidManifest.xml:35:5-78
	android:name
		ADDED from src/main/AndroidManifest.xml:35:22-75
uses-permission#android.permission.GET_TASKS
ADDED from src/main/AndroidManifest.xml:36:5-68
	android:name
		ADDED from src/main/AndroidManifest.xml:36:22-65
uses-permission#android.permission.INTERNET
ADDED from src/main/AndroidManifest.xml:37:5-67
MERGED from [:downloadfile] AndroidManifest.xml:20:5-67
MERGED from [:downloadfile] AndroidManifest.xml:20:5-67
MERGED from [:MarqueeView] AndroidManifest.xml:13:5-67
MERGED from [:MarqueeView] AndroidManifest.xml:13:5-67
MERGED from [:network] AndroidManifest.xml:11:5-67
MERGED from [:network] AndroidManifest.xml:11:5-67
	android:name
		ADDED from src/main/AndroidManifest.xml:37:22-64
uses-permission#android.permission.READ_PHONE_STATE
ADDED from src/main/AndroidManifest.xml:38:5-75
MERGED from [:linclibrary] AndroidManifest.xml:11:5-75
MERGED from [:linclibrary] AndroidManifest.xml:11:5-75
	android:name
		ADDED from src/main/AndroidManifest.xml:38:22-72
uses-permission#android.permission.CALL_PHONE
ADDED from src/main/AndroidManifest.xml:39:5-69
	android:name
		ADDED from src/main/AndroidManifest.xml:39:22-66
uses-permission#android.permission.ACCESS_COARSE_LOCATION
ADDED from src/main/AndroidManifest.xml:40:5-81
MERGED from [:downloadfile] AndroidManifest.xml:17:5-81
MERGED from [:downloadfile] AndroidManifest.xml:17:5-81
	android:name
		ADDED from src/main/AndroidManifest.xml:40:22-78
uses-permission#android.permission.ACCESS_FINE_LOCATION
ADDED from src/main/AndroidManifest.xml:41:5-79
	android:name
		ADDED from src/main/AndroidManifest.xml:41:22-76
uses-permission#android.permission.CHANGE_CONFIGURATION
ADDED from src/main/AndroidManifest.xml:42:5-79
	android:name
		ADDED from src/main/AndroidManifest.xml:42:22-76
uses-permission#android.permission.READ_EXTERNAL_STORAGE
ADDED from src/main/AndroidManifest.xml:43:5-80
MERGED from [:downloadfile] AndroidManifest.xml:16:5-80
MERGED from [:downloadfile] AndroidManifest.xml:16:5-80
	android:name
		ADDED from src/main/AndroidManifest.xml:43:22-77
uses-permission#android.permission.CAMERA
ADDED from src/main/AndroidManifest.xml:44:5-65
	android:name
		ADDED from src/main/AndroidManifest.xml:44:22-62
uses-permission#android.permission.VIBRATE
ADDED from src/main/AndroidManifest.xml:45:5-66
	android:name
		ADDED from src/main/AndroidManifest.xml:45:22-63
uses-permission#android.permission.FLASHLIGHT
ADDED from src/main/AndroidManifest.xml:46:5-69
	android:name
		ADDED from src/main/AndroidManifest.xml:46:22-66
uses-permission#android.permission.MODIFY_AUDIO_SETTINGS
ADDED from src/main/AndroidManifest.xml:47:5-80
	android:name
		ADDED from src/main/AndroidManifest.xml:47:22-77
uses-permission#android.permission.WAKE_LOCK
ADDED from src/main/AndroidManifest.xml:48:5-68
	android:name
		ADDED from src/main/AndroidManifest.xml:48:22-65
uses-permission#android.permission.READ_LOGS
ADDED from src/main/AndroidManifest.xml:49:5-68
	android:name
		ADDED from src/main/AndroidManifest.xml:49:22-65
uses-permission#android.permission.MANAGE_ACCOUNTS
ADDED from src/main/AndroidManifest.xml:50:5-74
	android:name
		ADDED from src/main/AndroidManifest.xml:50:22-71
uses-permission#android.permission.SEND_SMS
ADDED from src/main/AndroidManifest.xml:51:5-67
	android:name
		ADDED from src/main/AndroidManifest.xml:51:22-64
uses-permission#android.permission.READ_SMS
ADDED from src/main/AndroidManifest.xml:52:5-67
	android:name
		ADDED from src/main/AndroidManifest.xml:52:22-64
uses-permission#android.permission.WRITE_SMS
ADDED from src/main/AndroidManifest.xml:53:5-68
	android:name
		ADDED from src/main/AndroidManifest.xml:53:22-65
uses-permission#android.permission.RECEIVE_SMS
ADDED from src/main/AndroidManifest.xml:54:5-70
	android:name
		ADDED from src/main/AndroidManifest.xml:54:22-67
uses-permission#com.ISHello.Provider.BOOKPROVIDER
ADDED from src/main/AndroidManifest.xml:55:5-73
	android:name
		ADDED from src/main/AndroidManifest.xml:55:22-70
uses-permission#android.permission.INTERACT_ACROSS_USERS_FULL
ADDED from src/main/AndroidManifest.xml:56:5-85
	android:name
		ADDED from src/main/AndroidManifest.xml:56:22-82
uses-permission#com.example.ishelloword.permission.JPUSH_MESSAGE
ADDED from src/main/AndroidManifest.xml:58:5-88
	android:name
		ADDED from src/main/AndroidManifest.xml:58:22-85
uses-permission#android.permission.RECEIVE_USER_PRESENT
ADDED from src/main/AndroidManifest.xml:59:5-79
	android:name
		ADDED from src/main/AndroidManifest.xml:59:22-76
uses-permission#android.permission.ACCESS_LOCATION_EXTRA_COMMANDS
ADDED from src/main/AndroidManifest.xml:60:5-89
	android:name
		ADDED from src/main/AndroidManifest.xml:60:22-86
uses-permission#android.permission.BLUETOOTH
ADDED from src/main/AndroidManifest.xml:63:5-68
	android:name
		ADDED from src/main/AndroidManifest.xml:63:22-65
uses-permission#android.permission.BLUETOOTH_ADMIN
ADDED from src/main/AndroidManifest.xml:64:5-74
	android:name
		ADDED from src/main/AndroidManifest.xml:64:22-71
supports-screens
ADDED from src/main/AndroidManifest.xml:66:5-72:40
	android:largeScreens
		ADDED from src/main/AndroidManifest.xml:68:9-36
	android:smallScreens
		ADDED from src/main/AndroidManifest.xml:71:9-36
	android:normalScreens
		ADDED from src/main/AndroidManifest.xml:69:9-37
	android:xlargeScreens
		ADDED from src/main/AndroidManifest.xml:72:9-37
	android:resizeable
		ADDED from src/main/AndroidManifest.xml:70:9-34
	android:anyDensity
		ADDED from src/main/AndroidManifest.xml:67:9-34
application
ADDED from src/main/AndroidManifest.xml:74:5-885:19
MERGED from [:linclibrary] AndroidManifest.xml:14:5-18:19
MERGED from [:linclibrary] AndroidManifest.xml:14:5-18:19
MERGED from [:jnisdk] AndroidManifest.xml:11:5-24:19
MERGED from [:jnisdk] AndroidManifest.xml:11:5-24:19
MERGED from [:keyboard] AndroidManifest.xml:11:5-26:19
MERGED from [:keyboard] AndroidManifest.xml:11:5-26:19
MERGED from [:musicIndicator] AndroidManifest.xml:11:5-15:19
MERGED from [:musicIndicator] AndroidManifest.xml:11:5-15:19
MERGED from [:paper-onboarding] AndroidManifest.xml:11:5-15:19
MERGED from [:paper-onboarding] AndroidManifest.xml:11:5-15:19
MERGED from [:imageeditor] AndroidManifest.xml:11:5-15:19
MERGED from [:imageeditor] AndroidManifest.xml:11:5-15:19
MERGED from [:popmenu] AndroidManifest.xml:11:5-15:19
MERGED from [:popmenu] AndroidManifest.xml:11:5-15:19
MERGED from [:downloadfile] AndroidManifest.xml:23:5-34:19
MERGED from [:downloadfile] AndroidManifest.xml:23:5-34:19
MERGED from [:iosdialog] AndroidManifest.xml:11:5-15:19
MERGED from [:iosdialog] AndroidManifest.xml:11:5-15:19
MERGED from [:timeselector] AndroidManifest.xml:11:5-15:19
MERGED from [:timeselector] AndroidManifest.xml:11:5-15:19
MERGED from [:indexbarlayout] AndroidManifest.xml:11:5-23:19
MERGED from [:indexbarlayout] AndroidManifest.xml:11:5-23:19
MERGED from [:MarqueeView] AndroidManifest.xml:15:5-26:19
MERGED from [:MarqueeView] AndroidManifest.xml:15:5-26:19
MERGED from [:functionGuide] AndroidManifest.xml:11:5-22:19
MERGED from [:functionGuide] AndroidManifest.xml:11:5-22:19
MERGED from [:golddrop] AndroidManifest.xml:11:5-22:19
MERGED from [:golddrop] AndroidManifest.xml:11:5-22:19
MERGED from [:rulerlib] AndroidManifest.xml:11:5-22:19
MERGED from [:rulerlib] AndroidManifest.xml:11:5-22:19
MERGED from [:network] AndroidManifest.xml:13:5-24:19
MERGED from [:network] AndroidManifest.xml:13:5-24:19
MERGED from [:tabswitch] AndroidManifest.xml:12:5-25:19
MERGED from [:tabswitch] AndroidManifest.xml:12:5-25:19
MERGED from [:CommonUtil] AndroidManifest.xml:17:5-21:19
MERGED from [:CommonUtil] AndroidManifest.xml:17:5-21:19
MERGED from [:rxjava] AndroidManifest.xml:11:5-22:19
MERGED from [:rxjava] AndroidManifest.xml:11:5-22:19
MERGED from [com.android.support:design:25.3.1] AndroidManifest.xml:29:5-20
MERGED from [com.android.support:design:25.3.1] AndroidManifest.xml:29:5-20
MERGED from [com.android.support:appcompat-v7:25.3.1] AndroidManifest.xml:29:5-20
MERGED from [com.android.support:appcompat-v7:25.3.1] AndroidManifest.xml:29:5-20
MERGED from [me.imid.swipebacklayout.lib:library:1.0.0] AndroidManifest.xml:11:5-20
MERGED from [me.imid.swipebacklayout.lib:library:1.0.0] AndroidManifest.xml:11:5-20
MERGED from [com.android.support:transition:25.3.1] AndroidManifest.xml:26:5-20
MERGED from [com.android.support:transition:25.3.1] AndroidManifest.xml:26:5-20
MERGED from [com.google.android.gms:play-services-appindexing:9.8.0] AndroidManifest.xml:18:5-19
MERGED from [com.google.android.gms:play-services-appindexing:9.8.0] AndroidManifest.xml:18:5-19
MERGED from [com.google.android.gms:play-services-base:9.8.0] AndroidManifest.xml:18:5-20:19
MERGED from [com.google.android.gms:play-services-base:9.8.0] AndroidManifest.xml:18:5-20:19
MERGED from [com.google.firebase:firebase-common:9.8.0] AndroidManifest.xml:4:5-7:19
MERGED from [com.google.firebase:firebase-common:9.8.0] AndroidManifest.xml:4:5-7:19
MERGED from [com.google.android.gms:play-services-tasks:9.8.0] AndroidManifest.xml:4:5-19
MERGED from [com.google.android.gms:play-services-tasks:9.8.0] AndroidManifest.xml:4:5-19
MERGED from [com.google.android.gms:play-services-basement:9.8.0] AndroidManifest.xml:19:5-21:19
MERGED from [com.google.android.gms:play-services-basement:9.8.0] AndroidManifest.xml:19:5-21:19
MERGED from [com.android.support:support-v4:25.3.1] AndroidManifest.xml:29:5-20
MERGED from [com.android.support:support-v4:25.3.1] AndroidManifest.xml:29:5-20
MERGED from [com.android.support:animated-vector-drawable:25.3.1] AndroidManifest.xml:26:5-20
MERGED from [com.android.support:animated-vector-drawable:25.3.1] AndroidManifest.xml:26:5-20
MERGED from [com.android.support:support-vector-drawable:25.3.1] AndroidManifest.xml:26:5-20
MERGED from [com.android.support:support-vector-drawable:25.3.1] AndroidManifest.xml:26:5-20
MERGED from [com.android.support:gridlayout-v7:25.3.1] AndroidManifest.xml:26:5-20
MERGED from [com.android.support:gridlayout-v7:25.3.1] AndroidManifest.xml:26:5-20
MERGED from [com.android.support:support-fragment:25.3.1] AndroidManifest.xml:29:5-20
MERGED from [com.android.support:support-fragment:25.3.1] AndroidManifest.xml:29:5-20
MERGED from [com.android.support:support-core-ui:25.3.1] AndroidManifest.xml:29:5-20
MERGED from [com.android.support:support-core-ui:25.3.1] AndroidManifest.xml:29:5-20
MERGED from [com.android.support:support-media-compat:25.3.1] AndroidManifest.xml:29:5-20
MERGED from [com.android.support:support-media-compat:25.3.1] AndroidManifest.xml:29:5-20
MERGED from [com.android.support:support-core-utils:25.3.1] AndroidManifest.xml:29:5-20
MERGED from [com.android.support:support-core-utils:25.3.1] AndroidManifest.xml:29:5-20
MERGED from [com.android.support:support-compat:25.3.1] AndroidManifest.xml:29:5-20
MERGED from [com.android.support:support-compat:25.3.1] AndroidManifest.xml:29:5-20
MERGED from [:openDefault-1.0.0-openDefaultRelease:] AndroidManifest.xml:11:5-18:19
MERGED from [:openDefault-1.0.0-openDefaultRelease:] AndroidManifest.xml:11:5-18:19
MERGED from [com.android.support.constraint:constraint-layout:1.0.2] AndroidManifest.xml:9:5-20
MERGED from [com.android.support.constraint:constraint-layout:1.0.2] AndroidManifest.xml:9:5-20
	android:supportsRtl
		ADDED from [:linclibrary] AndroidManifest.xml:17:9-35
	android:label
		ADDED from src/main/AndroidManifest.xml:77:9-41
		REJECTED from [:linclibrary] AndroidManifest.xml:16:9-41
		REJECTED from [:jnisdk] AndroidManifest.xml:13:9-41
		REJECTED from [:keyboard] AndroidManifest.xml:13:9-41
		REJECTED from [:musicIndicator] AndroidManifest.xml:13:9-41
		REJECTED from [:paper-onboarding] AndroidManifest.xml:13:9-41
		REJECTED from [:imageeditor] AndroidManifest.xml:13:9-41
		REJECTED from [:popmenu] AndroidManifest.xml:13:9-41
		REJECTED from [:downloadfile] AndroidManifest.xml:25:9-41
		REJECTED from [:iosdialog] AndroidManifest.xml:13:9-41
		REJECTED from [:timeselector] AndroidManifest.xml:13:9-41
		REJECTED from [:MarqueeView] AndroidManifest.xml:17:9-41
		REJECTED from [:functionGuide] AndroidManifest.xml:13:9-41
		REJECTED from [:golddrop] AndroidManifest.xml:13:9-41
		REJECTED from [:rulerlib] AndroidManifest.xml:13:9-41
		REJECTED from [:network] AndroidManifest.xml:15:9-41
		REJECTED from [:tabswitch] AndroidManifest.xml:14:9-41
		REJECTED from [:CommonUtil] AndroidManifest.xml:19:9-41
		REJECTED from [:rxjava] AndroidManifest.xml:13:9-41
	android:allowBackup
		ADDED from [:linclibrary] AndroidManifest.xml:15:9-35
	android:icon
		ADDED from src/main/AndroidManifest.xml:76:9-45
	android:theme
		ADDED from src/main/AndroidManifest.xml:78:9-67
		REJECTED from [:keyboard] AndroidManifest.xml:15:9-51
	tools:replace
		ADDED from src/main/AndroidManifest.xml:79:9-67
	android:name
		ADDED from src/main/AndroidManifest.xml:75:9-63
activity#com.example.ishelloword.MainActivity
ADDED from src/main/AndroidManifest.xml:83:9-118:20
	android:screenOrientation
		ADDED from src/main/AndroidManifest.xml:89:13-49
	android:label
		ADDED from src/main/AndroidManifest.xml:87:13-45
	android:excludeFromRecents
		ADDED from src/main/AndroidManifest.xml:86:13-47